Build started 2015-03-09 11:36:45 PM.
     1>Project "C:\Users\Olek\Documents\Visual Studio 2010\Projects\Assignment1_StrategyPattern\GameEngine\GameEngine.vcxproj" on node 2 (build target(s)).
     1>InitializeBuildStatus:
         Creating "Debug\StrategyPattern.unsuccessfulbuild" because "AlwaysCreate" was specified.
       ClCompile:
         C:\Program Files (x86)\Microsoft Visual Studio 10.0\VC\bin\CL.exe /c /ZI /nologo /W3 /WX- /Od /Oy- /D WIN32 /D _DEBUG /D _CONSOLE /D _UNICODE /D UNICODE /Gm /EHsc /RTC1 /MDd /GS /fp:precise /Zc:wchar_t /Zc:forScope /Fo"Debug\\" /Fd"Debug\vc100.pdb" /Gd /TP /analyze- /errorReport:prompt Player.cpp
         Player.cpp
     1>c:\users\olek\documents\visual studio 2010\projects\assignment1_strategypattern\gameengine\player.cpp(95): warning C4018: '<' : signed/unsigned mismatch
     1>c:\users\olek\documents\visual studio 2010\projects\assignment1_strategypattern\gameengine\player.cpp(104): warning C4018: '<' : signed/unsigned mismatch
       ManifestResourceCompile:
         All outputs are up-to-date.
       Link:
         C:\Program Files (x86)\Microsoft Visual Studio 10.0\VC\bin\link.exe /ERRORREPORT:PROMPT /OUT:"C:\Users\Olek\Documents\Visual Studio 2010\Projects\Assignment1_StrategyPattern\Debug\StrategyPattern.exe" /INCREMENTAL /NOLOGO kernel32.lib user32.lib gdi32.lib winspool.lib comdlg32.lib advapi32.lib shell32.lib ole32.lib oleaut32.lib uuid.lib odbc32.lib odbccp32.lib /MANIFEST /ManifestFile:"Debug\StrategyPattern.exe.intermediate.manifest" /MANIFESTUAC:"level='asInvoker' uiAccess='false'" /DEBUG /PDB:"C:\Users\Olek\Documents\Visual Studio 2010\Projects\Assignment1_StrategyPattern\Debug\StrategyPattern.pdb" /SUBSYSTEM:CONSOLE /TLBID:1 /DYNAMICBASE /NXCOMPAT /IMPLIB:"C:\Users\Olek\Documents\Visual Studio 2010\Projects\Assignment1_StrategyPattern\Debug\StrategyPattern.lib" /MACHINE:X86 Debug\StrategyPattern.exe.embed.manifest.res
         Debug\battle.obj
         Debug\CompAttack.obj
         Debug\Country.obj
         Debug\dice.obj
         Debug\Main.obj
         Debug\MainPlayPhase.obj
         Debug\Player.obj
         Debug\StartupPhase.obj
         Debug\Strategy.obj
       Manifest:
         C:\Program Files (x86)\Microsoft SDKs\Windows\v7.0A\bin\mt.exe /nologo /verbose /out:"Debug\StrategyPattern.exe.embed.manifest" /manifest Debug\StrategyPattern.exe.intermediate.manifest
         All outputs are up-to-date.
       LinkEmbedManifest:
         All outputs are up-to-date.
         GameEngine.vcxproj -> C:\Users\Olek\Documents\Visual Studio 2010\Projects\Assignment1_StrategyPattern\Debug\StrategyPattern.exe
       FinalizeBuildStatus:
         Deleting file "Debug\StrategyPattern.unsuccessfulbuild".
         Touching "Debug\StrategyPattern.lastbuildstate".
     1>Done Building Project "C:\Users\Olek\Documents\Visual Studio 2010\Projects\Assignment1_StrategyPattern\GameEngine\GameEngine.vcxproj" (build target(s)).

Build succeeded.

Time Elapsed 00:00:01.12
