Build started 28/02/2015 2:02:29.
     1>Project "C:\Users\StephnyO\Documents\Visual Studio 2010\Projects\JugaadProjectC345\Comp345_Asg1_Battle\Comp345_Asg1_BattleLast\Comp345_Asg1_BattleLast.vcxproj" on node 2 (build target(s)).
     1>PrepareForBuild:
         Creating directory "C:\Users\StephnyO\Documents\Visual Studio 2010\Projects\JugaadProjectC345\Comp345_Asg1_Battle\Debug\".
       InitializeBuildStatus:
         Creating "Debug\Comp345_Asg1_BattleLast.unsuccessfulbuild" because "AlwaysCreate" was specified.
       ClCompile:
         C:\Program Files (x86)\Microsoft Visual Studio 10.0\VC\bin\CL.exe /c /ZI /nologo /W3 /WX- /Od /Oy- /D WIN32 /D _DEBUG /D _CONSOLE /D _UNICODE /D UNICODE /Gm /EHsc /RTC1 /MDd /GS /fp:precise /Zc:wchar_t /Zc:forScope /Fo"Debug\\" /Fd"Debug\vc100.pdb" /Gd /TP /analyze- /errorReport:prompt country.cpp dice.cpp main.cpp player.cpp stdafx.cpp
         stdafx.cpp
         player.cpp
         main.cpp
     1>c:\users\stephnyo\documents\visual studio 2010\projects\jugaadprojectc345\comp345_asg1_battle\comp345_asg1_battlelast\main.cpp(291): warning C4244: 'argument' : conversion from 'time_t' to 'unsigned int', possible loss of data
         dice.cpp
         country.cpp
         Generating Code...
       ManifestResourceCompile:
         C:\Program Files (x86)\Microsoft SDKs\Windows\v7.0A\bin\rc.exe /nologo /fo"Debug\Comp345_Asg1_BattleLast.exe.embed.manifest.res" Debug\Comp345_Asg1_BattleLast_manifest.rc 
       Link:
         C:\Program Files (x86)\Microsoft Visual Studio 10.0\VC\bin\link.exe /ERRORREPORT:PROMPT /OUT:"C:\Users\StephnyO\Documents\Visual Studio 2010\Projects\JugaadProjectC345\Comp345_Asg1_Battle\Debug\Comp345_Asg1_BattleLast.exe" /INCREMENTAL /NOLOGO kernel32.lib user32.lib gdi32.lib winspool.lib comdlg32.lib advapi32.lib shell32.lib ole32.lib oleaut32.lib uuid.lib odbc32.lib odbccp32.lib /MANIFEST /ManifestFile:"Debug\Comp345_Asg1_BattleLast.exe.intermediate.manifest" /MANIFESTUAC:"level='asInvoker' uiAccess='false'" /DEBUG /PDB:"C:\Users\StephnyO\Documents\Visual Studio 2010\Projects\JugaadProjectC345\Comp345_Asg1_Battle\Debug\Comp345_Asg1_BattleLast.pdb" /SUBSYSTEM:CONSOLE /TLBID:1 /DYNAMICBASE /NXCOMPAT /IMPLIB:"C:\Users\StephnyO\Documents\Visual Studio 2010\Projects\JugaadProjectC345\Comp345_Asg1_Battle\Debug\Comp345_Asg1_BattleLast.lib" /MACHINE:X86 Debug\Comp345_Asg1_BattleLast.exe.embed.manifest.res
         Debug\country.obj
         Debug\dice.obj
         Debug\main.obj
         Debug\player.obj
         Debug\stdafx.obj
       Manifest:
         C:\Program Files (x86)\Microsoft SDKs\Windows\v7.0A\bin\mt.exe /nologo /verbose /out:"Debug\Comp345_Asg1_BattleLast.exe.embed.manifest" /manifest Debug\Comp345_Asg1_BattleLast.exe.intermediate.manifest
         C:\Program Files (x86)\Microsoft SDKs\Windows\v7.0A\bin\rc.exe /nologo /fo"Debug\Comp345_Asg1_BattleLast.exe.embed.manifest.res" Debug\Comp345_Asg1_BattleLast_manifest.rc 
       LinkEmbedManifest:
         C:\Program Files (x86)\Microsoft Visual Studio 10.0\VC\bin\link.exe /ERRORREPORT:PROMPT /OUT:"C:\Users\StephnyO\Documents\Visual Studio 2010\Projects\JugaadProjectC345\Comp345_Asg1_Battle\Debug\Comp345_Asg1_BattleLast.exe" /INCREMENTAL /NOLOGO kernel32.lib user32.lib gdi32.lib winspool.lib comdlg32.lib advapi32.lib shell32.lib ole32.lib oleaut32.lib uuid.lib odbc32.lib odbccp32.lib /MANIFEST /ManifestFile:"Debug\Comp345_Asg1_BattleLast.exe.intermediate.manifest" /MANIFESTUAC:"level='asInvoker' uiAccess='false'" /DEBUG /PDB:"C:\Users\StephnyO\Documents\Visual Studio 2010\Projects\JugaadProjectC345\Comp345_Asg1_Battle\Debug\Comp345_Asg1_BattleLast.pdb" /SUBSYSTEM:CONSOLE /TLBID:1 /DYNAMICBASE /NXCOMPAT /IMPLIB:"C:\Users\StephnyO\Documents\Visual Studio 2010\Projects\JugaadProjectC345\Comp345_Asg1_Battle\Debug\Comp345_Asg1_BattleLast.lib" /MACHINE:X86 Debug\Comp345_Asg1_BattleLast.exe.embed.manifest.res
         Debug\country.obj
         Debug\dice.obj
         Debug\main.obj
         Debug\player.obj
         Debug\stdafx.obj
         Comp345_Asg1_BattleLast.vcxproj -> C:\Users\StephnyO\Documents\Visual Studio 2010\Projects\JugaadProjectC345\Comp345_Asg1_Battle\Debug\Comp345_Asg1_BattleLast.exe
       FinalizeBuildStatus:
         Deleting file "Debug\Comp345_Asg1_BattleLast.unsuccessfulbuild".
         Touching "Debug\Comp345_Asg1_BattleLast.lastbuildstate".
     1>Done Building Project "C:\Users\StephnyO\Documents\Visual Studio 2010\Projects\JugaadProjectC345\Comp345_Asg1_Battle\Comp345_Asg1_BattleLast\Comp345_Asg1_BattleLast.vcxproj" (build target(s)).

Build succeeded.

Time Elapsed 00:00:05.12
