Build started 28/02/2015 1:30:16.
     1>Project "C:\Users\StephnyO\Documents\Visual Studio 2010\Projects\Assignment1_Risk\GameEngine\GameEngine.vcxproj" on node 2 (build target(s)).
     1>InitializeBuildStatus:
         Touching "Debug\GameEngine.unsuccessfulbuild".
       ClCompile:
         C:\Program Files (x86)\Microsoft Visual Studio 10.0\VC\bin\CL.exe /c /ZI /nologo /W3 /WX- /Od /Oy- /D WIN32 /D _DEBUG /D _CONSOLE /D _UNICODE /D UNICODE /Gm /EHsc /RTC1 /MDd /GS /fp:precise /Zc:wchar_t /Zc:forScope /Fo"Debug\\" /Fd"Debug\vc100.pdb" /Gd /TP /analyze- /errorReport:prompt Player.cpp
         Player.cpp
     1>c:\users\stephnyo\documents\visual studio 2010\projects\assignment1_risk\gameengine\player.cpp(58): warning C4018: '<' : signed/unsigned mismatch
       ManifestResourceCompile:
         All outputs are up-to-date.
       Link:
         C:\Program Files (x86)\Microsoft Visual Studio 10.0\VC\bin\link.exe /ERRORREPORT:PROMPT /OUT:"C:\Users\StephnyO\Documents\Visual Studio 2010\Projects\Assignment1_Risk\Debug\GameEngine.exe" /INCREMENTAL /NOLOGO kernel32.lib user32.lib gdi32.lib winspool.lib comdlg32.lib advapi32.lib shell32.lib ole32.lib oleaut32.lib uuid.lib odbc32.lib odbccp32.lib /MANIFEST /ManifestFile:"Debug\GameEngine.exe.intermediate.manifest" /MANIFESTUAC:"level='asInvoker' uiAccess='false'" /DEBUG /PDB:"C:\Users\StephnyO\Documents\Visual Studio 2010\Projects\Assignment1_Risk\Debug\GameEngine.pdb" /SUBSYSTEM:CONSOLE /TLBID:1 /DYNAMICBASE /NXCOMPAT /IMPLIB:"C:\Users\StephnyO\Documents\Visual Studio 2010\Projects\Assignment1_Risk\Debug\GameEngine.lib" /MACHINE:X86 Debug\GameEngine.exe.embed.manifest.res
         Debug\Country.obj
         Debug\Main.obj
         Debug\MainPlayPhase.obj
         Debug\Player.obj
         Debug\StartupPhase.obj
       Manifest:
         C:\Program Files (x86)\Microsoft SDKs\Windows\v7.0A\bin\mt.exe /nologo /verbose /out:"Debug\GameEngine.exe.embed.manifest" /manifest Debug\GameEngine.exe.intermediate.manifest
         All outputs are up-to-date.
       LinkEmbedManifest:
         All outputs are up-to-date.
         GameEngine.vcxproj -> C:\Users\StephnyO\Documents\Visual Studio 2010\Projects\Assignment1_Risk\Debug\GameEngine.exe
       FinalizeBuildStatus:
         Deleting file "Debug\GameEngine.unsuccessfulbuild".
         Touching "Debug\GameEngine.lastbuildstate".
     1>Done Building Project "C:\Users\StephnyO\Documents\Visual Studio 2010\Projects\Assignment1_Risk\GameEngine\GameEngine.vcxproj" (build target(s)).

Build succeeded.

Time Elapsed 00:00:02.55
