C:\USERS\STEPHNYO\DOCUMENTS\VISUAL STUDIO 2010\PROJECTS\ASSIGNMENT1_RISK\DEBUG\GAMEENGINE.EXE
C:\USERS\STEPHNYO\DOCUMENTS\VISUAL STUDIO 2010\PROJECTS\ASSIGNMENT1_RISK\DEBUG\GAMEENGINE.ILK
C:\USERS\STEPHNYO\DOCUMENTS\VISUAL STUDIO 2010\PROJECTS\ASSIGNMENT1_RISK\DEBUG\GAMEENGINE.PDB
C:\Users\StephnyO\Documents\Visual Studio 2010\Projects\Assignment1_Risk\GameEngine\Debug\cl.command.1.tlog
C:\Users\StephnyO\Documents\Visual Studio 2010\Projects\Assignment1_Risk\GameEngine\Debug\CL.read.1.tlog
C:\Users\StephnyO\Documents\Visual Studio 2010\Projects\Assignment1_Risk\GameEngine\Debug\CL.write.1.tlog
C:\USERS\STEPHNYO\DOCUMENTS\VISUAL STUDIO 2010\PROJECTS\ASSIGNMENT1_RISK\GAMEENGINE\DEBUG\COUNTRY.OBJ
C:\USERS\STEPHNYO\DOCUMENTS\VISUAL STUDIO 2010\PROJECTS\ASSIGNMENT1_RISK\GAMEENGINE\DEBUG\GAMEENGINE.EXE.EMBED.MANIFEST
C:\USERS\STEPHNYO\DOCUMENTS\VISUAL STUDIO 2010\PROJECTS\ASSIGNMENT1_RISK\GAMEENGINE\DEBUG\GAMEENGINE.EXE.EMBED.MANIFEST.RES
C:\USERS\STEPHNYO\DOCUMENTS\VISUAL STUDIO 2010\PROJECTS\ASSIGNMENT1_RISK\GAMEENGINE\DEBUG\GAMEENGINE.EXE.INTERMEDIATE.MANIFEST
C:\Users\StephnyO\Documents\Visual Studio 2010\Projects\Assignment1_Risk\GameEngine\Debug\GameEngine.vcxprojResolveAssemblyReference.cache
C:\Users\StephnyO\Documents\Visual Studio 2010\Projects\Assignment1_Risk\GameEngine\Debug\GameEngine.write.1.tlog
C:\Users\StephnyO\Documents\Visual Studio 2010\Projects\Assignment1_Risk\GameEngine\Debug\GameEngine_manifest.rc
C:\Users\StephnyO\Documents\Visual Studio 2010\Projects\Assignment1_Risk\GameEngine\Debug\link.11128.read.1.tlog
C:\Users\StephnyO\Documents\Visual Studio 2010\Projects\Assignment1_Risk\GameEngine\Debug\link.11128.write.1.tlog
C:\Users\StephnyO\Documents\Visual Studio 2010\Projects\Assignment1_Risk\GameEngine\Debug\link.11128-cvtres.read.1.tlog
C:\Users\StephnyO\Documents\Visual Studio 2010\Projects\Assignment1_Risk\GameEngine\Debug\link.11128-cvtres.write.1.tlog
C:\Users\StephnyO\Documents\Visual Studio 2010\Projects\Assignment1_Risk\GameEngine\Debug\link.11240.read.1.tlog
C:\Users\StephnyO\Documents\Visual Studio 2010\Projects\Assignment1_Risk\GameEngine\Debug\link.11240.write.1.tlog
C:\Users\StephnyO\Documents\Visual Studio 2010\Projects\Assignment1_Risk\GameEngine\Debug\link.11240-cvtres.read.1.tlog
C:\Users\StephnyO\Documents\Visual Studio 2010\Projects\Assignment1_Risk\GameEngine\Debug\link.11240-cvtres.write.1.tlog
C:\Users\StephnyO\Documents\Visual Studio 2010\Projects\Assignment1_Risk\GameEngine\Debug\link.13288.read.1.tlog
C:\Users\StephnyO\Documents\Visual Studio 2010\Projects\Assignment1_Risk\GameEngine\Debug\link.13288.write.1.tlog
C:\Users\StephnyO\Documents\Visual Studio 2010\Projects\Assignment1_Risk\GameEngine\Debug\link.13288-cvtres.read.1.tlog
C:\Users\StephnyO\Documents\Visual Studio 2010\Projects\Assignment1_Risk\GameEngine\Debug\link.13288-cvtres.write.1.tlog
C:\Users\StephnyO\Documents\Visual Studio 2010\Projects\Assignment1_Risk\GameEngine\Debug\link.14284.read.1.tlog
C:\Users\StephnyO\Documents\Visual Studio 2010\Projects\Assignment1_Risk\GameEngine\Debug\link.14284.write.1.tlog
C:\Users\StephnyO\Documents\Visual Studio 2010\Projects\Assignment1_Risk\GameEngine\Debug\link.14284-cvtres.read.1.tlog
C:\Users\StephnyO\Documents\Visual Studio 2010\Projects\Assignment1_Risk\GameEngine\Debug\link.14284-cvtres.write.1.tlog
C:\Users\StephnyO\Documents\Visual Studio 2010\Projects\Assignment1_Risk\GameEngine\Debug\link.3520.read.1.tlog
C:\Users\StephnyO\Documents\Visual Studio 2010\Projects\Assignment1_Risk\GameEngine\Debug\link.3520.write.1.tlog
C:\Users\StephnyO\Documents\Visual Studio 2010\Projects\Assignment1_Risk\GameEngine\Debug\link.3520-cvtres.read.1.tlog
C:\Users\StephnyO\Documents\Visual Studio 2010\Projects\Assignment1_Risk\GameEngine\Debug\link.3520-cvtres.write.1.tlog
C:\Users\StephnyO\Documents\Visual Studio 2010\Projects\Assignment1_Risk\GameEngine\Debug\link.7948.read.1.tlog
C:\Users\StephnyO\Documents\Visual Studio 2010\Projects\Assignment1_Risk\GameEngine\Debug\link.7948.write.1.tlog
C:\Users\StephnyO\Documents\Visual Studio 2010\Projects\Assignment1_Risk\GameEngine\Debug\link.7948-cvtres.read.1.tlog
C:\Users\StephnyO\Documents\Visual Studio 2010\Projects\Assignment1_Risk\GameEngine\Debug\link.7948-cvtres.write.1.tlog
C:\Users\StephnyO\Documents\Visual Studio 2010\Projects\Assignment1_Risk\GameEngine\Debug\link.command.1.tlog
C:\Users\StephnyO\Documents\Visual Studio 2010\Projects\Assignment1_Risk\GameEngine\Debug\link.read.1.tlog
C:\Users\StephnyO\Documents\Visual Studio 2010\Projects\Assignment1_Risk\GameEngine\Debug\link.write.1.tlog
C:\Users\StephnyO\Documents\Visual Studio 2010\Projects\Assignment1_Risk\GameEngine\Debug\link-cvtres.read.1.tlog
C:\Users\StephnyO\Documents\Visual Studio 2010\Projects\Assignment1_Risk\GameEngine\Debug\link-cvtres.write.1.tlog
C:\USERS\STEPHNYO\DOCUMENTS\VISUAL STUDIO 2010\PROJECTS\ASSIGNMENT1_RISK\GAMEENGINE\DEBUG\MAIN.OBJ
C:\USERS\STEPHNYO\DOCUMENTS\VISUAL STUDIO 2010\PROJECTS\ASSIGNMENT1_RISK\GAMEENGINE\DEBUG\MAINPLAYPHASE.OBJ
C:\Users\StephnyO\Documents\Visual Studio 2010\Projects\Assignment1_Risk\GameEngine\Debug\mt.command.1.tlog
C:\Users\StephnyO\Documents\Visual Studio 2010\Projects\Assignment1_Risk\GameEngine\Debug\mt.read.1.tlog
C:\Users\StephnyO\Documents\Visual Studio 2010\Projects\Assignment1_Risk\GameEngine\Debug\mt.write.1.tlog
C:\USERS\STEPHNYO\DOCUMENTS\VISUAL STUDIO 2010\PROJECTS\ASSIGNMENT1_RISK\GAMEENGINE\DEBUG\PLAYER.OBJ
C:\Users\StephnyO\Documents\Visual Studio 2010\Projects\Assignment1_Risk\GameEngine\Debug\rc.command.1.tlog
C:\Users\StephnyO\Documents\Visual Studio 2010\Projects\Assignment1_Risk\GameEngine\Debug\rc.read.1.tlog
C:\Users\StephnyO\Documents\Visual Studio 2010\Projects\Assignment1_Risk\GameEngine\Debug\rc.write.1.tlog
C:\USERS\STEPHNYO\DOCUMENTS\VISUAL STUDIO 2010\PROJECTS\ASSIGNMENT1_RISK\GAMEENGINE\DEBUG\STARTUPPHASE.OBJ
C:\Users\StephnyO\Documents\Visual Studio 2010\Projects\Assignment1_Risk\GameEngine\Debug\vc100.idb
C:\USERS\STEPHNYO\DOCUMENTS\VISUAL STUDIO 2010\PROJECTS\ASSIGNMENT1_RISK\GAMEENGINE\DEBUG\VC100.PDB
