Build started 07/04/2015 5:27:07.
     1>Project "C:\Users\StephnyO\Documents\Visual Studio 2010\Projects\JugaadProjectC345\Conquest_LoadMap_2.0\GameEngine\GameEngine.vcxproj" on node 2 (build target(s)).
     1>InitializeBuildStatus:
         Creating "Debug\LoadMap.unsuccessfulbuild" because "AlwaysCreate" was specified.
       ClCompile:
         C:\Program Files (x86)\Microsoft Visual Studio 10.0\VC\bin\CL.exe /c /ZI /nologo /W3 /WX- /Od /Oy- /D WIN32 /D _DEBUG /D _CONSOLE /D _UNICODE /D UNICODE /Gm /EHsc /RTC1 /MDd /GS /fp:precise /Zc:wchar_t /Zc:forScope /Fo"Debug\\" /Fd"Debug\vc100.pdb" /Gd /TP /analyze- /errorReport:prompt BaseRegion.cpp battle.cpp Continent.cpp Country.cpp dice.cpp Edge.cpp LoadData.cpp Main.cpp MainPlayPhase.cpp Player.cpp StartupPhase.cpp
         StartupPhase.cpp
     1>c:\users\stephnyo\documents\visual studio 2010\projects\jugaadprojectc345\conquest_loadmap_2.0\gameengine\startupphase.cpp(78): warning C4018: '<' : signed/unsigned mismatch
     1>c:\users\stephnyo\documents\visual studio 2010\projects\jugaadprojectc345\conquest_loadmap_2.0\gameengine\startupphase.cpp(117): warning C4018: '<' : signed/unsigned mismatch
         Player.cpp
     1>c:\users\stephnyo\documents\visual studio 2010\projects\jugaadprojectc345\conquest_loadmap_2.0\gameengine\player.cpp(60): warning C4018: '<' : signed/unsigned mismatch
     1>c:\users\stephnyo\documents\visual studio 2010\projects\jugaadprojectc345\conquest_loadmap_2.0\gameengine\player.cpp(69): warning C4018: '<' : signed/unsigned mismatch
         MainPlayPhase.cpp
     1>c:\users\stephnyo\documents\visual studio 2010\projects\jugaadprojectc345\conquest_loadmap_2.0\gameengine\mainplayphase.cpp(23): warning C4018: '<' : signed/unsigned mismatch
     1>c:\users\stephnyo\documents\visual studio 2010\projects\jugaadprojectc345\conquest_loadmap_2.0\gameengine\mainplayphase.cpp(95): warning C4018: '>' : signed/unsigned mismatch
     1>c:\users\stephnyo\documents\visual studio 2010\projects\jugaadprojectc345\conquest_loadmap_2.0\gameengine\mainplayphase.cpp(105): warning C4018: '>' : signed/unsigned mismatch
         Main.cpp
         LoadData.cpp
     1>c:\users\stephnyo\documents\visual studio 2010\projects\jugaadprojectc345\conquest_loadmap_2.0\gameengine\loaddata.cpp(40): warning C4018: '<' : signed/unsigned mismatch
     1>c:\users\stephnyo\documents\visual studio 2010\projects\jugaadprojectc345\conquest_loadmap_2.0\gameengine\loaddata.cpp(50): warning C4018: '<' : signed/unsigned mismatch
     1>c:\users\stephnyo\documents\visual studio 2010\projects\jugaadprojectc345\conquest_loadmap_2.0\gameengine\loaddata.cpp(60): warning C4018: '<' : signed/unsigned mismatch
     1>c:\users\stephnyo\documents\visual studio 2010\projects\jugaadprojectc345\conquest_loadmap_2.0\gameengine\loaddata.cpp(109): warning C4018: '<' : signed/unsigned mismatch
     1>c:\users\stephnyo\documents\visual studio 2010\projects\jugaadprojectc345\conquest_loadmap_2.0\gameengine\loaddata.cpp(144): warning C4018: '<' : signed/unsigned mismatch
         Edge.cpp
         dice.cpp
         Country.cpp
     1>c:\users\stephnyo\documents\visual studio 2010\projects\jugaadprojectc345\conquest_loadmap_2.0\gameengine\country.cpp(52): warning C4018: '<' : signed/unsigned mismatch
         Continent.cpp
     1>c:\users\stephnyo\documents\visual studio 2010\projects\jugaadprojectc345\conquest_loadmap_2.0\gameengine\continent.cpp(30): warning C4018: '<' : signed/unsigned mismatch
     1>c:\users\stephnyo\documents\visual studio 2010\projects\jugaadprojectc345\conquest_loadmap_2.0\gameengine\continent.cpp(48): warning C4018: '<' : signed/unsigned mismatch
         battle.cpp
         BaseRegion.cpp
         Generating Code...
     1>c:\users\stephnyo\documents\visual studio 2010\projects\jugaadprojectc345\conquest_loadmap_2.0\gameengine\startupphase.cpp(47): warning C4715: 'StartupPhase::getIntialArmyPlacements' : not all control paths return a value
       ManifestResourceCompile:
         C:\Program Files (x86)\Microsoft SDKs\Windows\v7.0A\bin\rc.exe /nologo /fo"Debug\LoadMap.exe.embed.manifest.res" Debug\LoadMap_manifest.rc 
       Link:
         C:\Program Files (x86)\Microsoft Visual Studio 10.0\VC\bin\link.exe /ERRORREPORT:PROMPT /OUT:"C:\Users\StephnyO\Documents\Visual Studio 2010\Projects\JugaadProjectC345\Conquest_LoadMap_2.0\Debug\LoadMap.exe" /INCREMENTAL /NOLOGO kernel32.lib user32.lib gdi32.lib winspool.lib comdlg32.lib advapi32.lib shell32.lib ole32.lib oleaut32.lib uuid.lib odbc32.lib odbccp32.lib /MANIFEST /ManifestFile:"Debug\LoadMap.exe.intermediate.manifest" /MANIFESTUAC:"level='asInvoker' uiAccess='false'" /DEBUG /PDB:"C:\Users\StephnyO\Documents\Visual Studio 2010\Projects\JugaadProjectC345\Conquest_LoadMap_2.0\Debug\LoadMap.pdb" /SUBSYSTEM:CONSOLE /TLBID:1 /DYNAMICBASE /NXCOMPAT /IMPLIB:"C:\Users\StephnyO\Documents\Visual Studio 2010\Projects\JugaadProjectC345\Conquest_LoadMap_2.0\Debug\LoadMap.lib" /MACHINE:X86 Debug\LoadMap.exe.embed.manifest.res
         Debug\BaseRegion.obj
         Debug\battle.obj
         Debug\Continent.obj
         Debug\Country.obj
         Debug\dice.obj
         Debug\Edge.obj
         Debug\LoadData.obj
         Debug\Main.obj
         Debug\MainPlayPhase.obj
         Debug\Player.obj
         Debug\StartupPhase.obj
       Manifest:
         C:\Program Files (x86)\Microsoft SDKs\Windows\v7.0A\bin\mt.exe /nologo /verbose /out:"Debug\LoadMap.exe.embed.manifest" /manifest Debug\LoadMap.exe.intermediate.manifest
         All outputs are up-to-date.
       LinkEmbedManifest:
         C:\Program Files (x86)\Microsoft Visual Studio 10.0\VC\bin\link.exe /ERRORREPORT:PROMPT /OUT:"C:\Users\StephnyO\Documents\Visual Studio 2010\Projects\JugaadProjectC345\Conquest_LoadMap_2.0\Debug\LoadMap.exe" /INCREMENTAL /NOLOGO kernel32.lib user32.lib gdi32.lib winspool.lib comdlg32.lib advapi32.lib shell32.lib ole32.lib oleaut32.lib uuid.lib odbc32.lib odbccp32.lib /MANIFEST /ManifestFile:"Debug\LoadMap.exe.intermediate.manifest" /MANIFESTUAC:"level='asInvoker' uiAccess='false'" /DEBUG /PDB:"C:\Users\StephnyO\Documents\Visual Studio 2010\Projects\JugaadProjectC345\Conquest_LoadMap_2.0\Debug\LoadMap.pdb" /SUBSYSTEM:CONSOLE /TLBID:1 /DYNAMICBASE /NXCOMPAT /IMPLIB:"C:\Users\StephnyO\Documents\Visual Studio 2010\Projects\JugaadProjectC345\Conquest_LoadMap_2.0\Debug\LoadMap.lib" /MACHINE:X86 Debug\LoadMap.exe.embed.manifest.res
         Debug\BaseRegion.obj
         Debug\battle.obj
         Debug\Continent.obj
         Debug\Country.obj
         Debug\dice.obj
         Debug\Edge.obj
         Debug\LoadData.obj
         Debug\Main.obj
         Debug\MainPlayPhase.obj
         Debug\Player.obj
         Debug\StartupPhase.obj
         GameEngine.vcxproj -> C:\Users\StephnyO\Documents\Visual Studio 2010\Projects\JugaadProjectC345\Conquest_LoadMap_2.0\Debug\LoadMap.exe
       FinalizeBuildStatus:
         Deleting file "Debug\LoadMap.unsuccessfulbuild".
         Touching "Debug\LoadMap.lastbuildstate".
     1>Done Building Project "C:\Users\StephnyO\Documents\Visual Studio 2010\Projects\JugaadProjectC345\Conquest_LoadMap_2.0\GameEngine\GameEngine.vcxproj" (build target(s)).

Build succeeded.

Time Elapsed 00:00:15.58
