C:\USERS\STEPHNYO\DOCUMENTS\VISUAL STUDIO 2010\PROJECTS\CONQUEST_LOADMAP_2.0\DEBUG\LOADMAP.EXE
C:\USERS\STEPHNYO\DOCUMENTS\VISUAL STUDIO 2010\PROJECTS\CONQUEST_LOADMAP_2.0\DEBUG\LOADMAP.ILK
C:\USERS\STEPHNYO\DOCUMENTS\VISUAL STUDIO 2010\PROJECTS\CONQUEST_LOADMAP_2.0\DEBUG\LOADMAP.PDB
C:\USERS\STEPHNYO\DOCUMENTS\VISUAL STUDIO 2010\PROJECTS\CONQUEST_LOADMAP_2.0\GAMEENGINE\DEBUG\BASEREGION.OBJ
C:\USERS\STEPHNYO\DOCUMENTS\VISUAL STUDIO 2010\PROJECTS\CONQUEST_LOADMAP_2.0\GAMEENGINE\DEBUG\BATTLE.OBJ
C:\Users\StephnyO\Documents\Visual Studio 2010\Projects\Conquest_LoadMap_2.0\GameEngine\Debug\cl.command.1.tlog
C:\Users\StephnyO\Documents\Visual Studio 2010\Projects\Conquest_LoadMap_2.0\GameEngine\Debug\CL.read.1.tlog
C:\Users\StephnyO\Documents\Visual Studio 2010\Projects\Conquest_LoadMap_2.0\GameEngine\Debug\CL.write.1.tlog
C:\USERS\STEPHNYO\DOCUMENTS\VISUAL STUDIO 2010\PROJECTS\CONQUEST_LOADMAP_2.0\GAMEENGINE\DEBUG\CONTINENT.OBJ
C:\USERS\STEPHNYO\DOCUMENTS\VISUAL STUDIO 2010\PROJECTS\CONQUEST_LOADMAP_2.0\GAMEENGINE\DEBUG\COUNTRY.OBJ
C:\USERS\STEPHNYO\DOCUMENTS\VISUAL STUDIO 2010\PROJECTS\CONQUEST_LOADMAP_2.0\GAMEENGINE\DEBUG\DICE.OBJ
C:\USERS\STEPHNYO\DOCUMENTS\VISUAL STUDIO 2010\PROJECTS\CONQUEST_LOADMAP_2.0\GAMEENGINE\DEBUG\EDGE.OBJ
C:\Users\StephnyO\Documents\Visual Studio 2010\Projects\Conquest_LoadMap_2.0\GameEngine\Debug\GameEngine.vcxprojResolveAssemblyReference.cache
C:\Users\StephnyO\Documents\Visual Studio 2010\Projects\Conquest_LoadMap_2.0\GameEngine\Debug\link.7640.read.1.tlog
C:\Users\StephnyO\Documents\Visual Studio 2010\Projects\Conquest_LoadMap_2.0\GameEngine\Debug\link.7640.write.1.tlog
C:\Users\StephnyO\Documents\Visual Studio 2010\Projects\Conquest_LoadMap_2.0\GameEngine\Debug\link.7640-cvtres.read.1.tlog
C:\Users\StephnyO\Documents\Visual Studio 2010\Projects\Conquest_LoadMap_2.0\GameEngine\Debug\link.7640-cvtres.write.1.tlog
C:\Users\StephnyO\Documents\Visual Studio 2010\Projects\Conquest_LoadMap_2.0\GameEngine\Debug\link.command.1.tlog
C:\Users\StephnyO\Documents\Visual Studio 2010\Projects\Conquest_LoadMap_2.0\GameEngine\Debug\link.read.1.tlog
C:\Users\StephnyO\Documents\Visual Studio 2010\Projects\Conquest_LoadMap_2.0\GameEngine\Debug\link.write.1.tlog
C:\Users\StephnyO\Documents\Visual Studio 2010\Projects\Conquest_LoadMap_2.0\GameEngine\Debug\link-cvtres.read.1.tlog
C:\Users\StephnyO\Documents\Visual Studio 2010\Projects\Conquest_LoadMap_2.0\GameEngine\Debug\link-cvtres.write.1.tlog
C:\USERS\STEPHNYO\DOCUMENTS\VISUAL STUDIO 2010\PROJECTS\CONQUEST_LOADMAP_2.0\GAMEENGINE\DEBUG\LOADDATA.OBJ
C:\USERS\STEPHNYO\DOCUMENTS\VISUAL STUDIO 2010\PROJECTS\CONQUEST_LOADMAP_2.0\GAMEENGINE\DEBUG\LOADMAP.EXE.EMBED.MANIFEST
C:\USERS\STEPHNYO\DOCUMENTS\VISUAL STUDIO 2010\PROJECTS\CONQUEST_LOADMAP_2.0\GAMEENGINE\DEBUG\LOADMAP.EXE.EMBED.MANIFEST.RES
C:\USERS\STEPHNYO\DOCUMENTS\VISUAL STUDIO 2010\PROJECTS\CONQUEST_LOADMAP_2.0\GAMEENGINE\DEBUG\LOADMAP.EXE.INTERMEDIATE.MANIFEST
C:\Users\StephnyO\Documents\Visual Studio 2010\Projects\Conquest_LoadMap_2.0\GameEngine\Debug\LoadMap.write.1.tlog
C:\Users\StephnyO\Documents\Visual Studio 2010\Projects\Conquest_LoadMap_2.0\GameEngine\Debug\LoadMap_manifest.rc
C:\USERS\STEPHNYO\DOCUMENTS\VISUAL STUDIO 2010\PROJECTS\CONQUEST_LOADMAP_2.0\GAMEENGINE\DEBUG\MAIN.OBJ
C:\USERS\STEPHNYO\DOCUMENTS\VISUAL STUDIO 2010\PROJECTS\CONQUEST_LOADMAP_2.0\GAMEENGINE\DEBUG\MAINPLAYPHASE.OBJ
C:\Users\StephnyO\Documents\Visual Studio 2010\Projects\Conquest_LoadMap_2.0\GameEngine\Debug\mt.command.1.tlog
C:\Users\StephnyO\Documents\Visual Studio 2010\Projects\Conquest_LoadMap_2.0\GameEngine\Debug\mt.read.1.tlog
C:\Users\StephnyO\Documents\Visual Studio 2010\Projects\Conquest_LoadMap_2.0\GameEngine\Debug\mt.write.1.tlog
C:\USERS\STEPHNYO\DOCUMENTS\VISUAL STUDIO 2010\PROJECTS\CONQUEST_LOADMAP_2.0\GAMEENGINE\DEBUG\PLAYER.OBJ
C:\Users\StephnyO\Documents\Visual Studio 2010\Projects\Conquest_LoadMap_2.0\GameEngine\Debug\rc.command.1.tlog
C:\Users\StephnyO\Documents\Visual Studio 2010\Projects\Conquest_LoadMap_2.0\GameEngine\Debug\rc.read.1.tlog
C:\Users\StephnyO\Documents\Visual Studio 2010\Projects\Conquest_LoadMap_2.0\GameEngine\Debug\rc.write.1.tlog
C:\USERS\STEPHNYO\DOCUMENTS\VISUAL STUDIO 2010\PROJECTS\CONQUEST_LOADMAP_2.0\GAMEENGINE\DEBUG\STARTUPPHASE.OBJ
C:\Users\StephnyO\Documents\Visual Studio 2010\Projects\Conquest_LoadMap_2.0\GameEngine\Debug\vc100.idb
C:\USERS\STEPHNYO\DOCUMENTS\VISUAL STUDIO 2010\PROJECTS\CONQUEST_LOADMAP_2.0\GAMEENGINE\DEBUG\VC100.PDB
